2019-08-25 13:06:31.599  INFO 13100 --- [restartedMain] l.m.community.CommunityApplication       : Starting CommunityApplication on Leduo with PID 13100 (F:\Idea\community\target\classes started by Leduo in F:\Idea\community)
2019-08-25 13:06:31.603  INFO 13100 --- [restartedMain] l.m.community.CommunityApplication       : No active profile set, falling back to default profiles: default
2019-08-25 13:06:31.674  INFO 13100 --- [restartedMain] .e.DevToolsPropertyDefaultsPostProcessor : Devtools property defaults active! Set 'spring.devtools.add-properties' to 'false' to disable
2019-08-25 13:06:31.675  INFO 13100 --- [restartedMain] .e.DevToolsPropertyDefaultsPostProcessor : For additional web related logging consider setting the 'logging.level.web' property to 'DEBUG'
2019-08-25 13:06:33.461  INFO 13100 --- [restartedMain] o.s.b.w.embedded.tomcat.TomcatWebServer  : Tomcat initialized with port(s): 8888 (http)
2019-08-25 13:06:33.491  INFO 13100 --- [restartedMain] o.apache.catalina.core.StandardService   : Starting service [Tomcat]
2019-08-25 13:06:33.492  INFO 13100 --- [restartedMain] org.apache.catalina.core.StandardEngine  : Starting Servlet engine: [Apache Tomcat/9.0.21]
2019-08-25 13:06:33.500  INFO 13100 --- [restartedMain] o.a.catalina.core.AprLifecycleListener   : Loaded APR based Apache Tomcat Native library [1.2.21] using APR version [1.6.5].
2019-08-25 13:06:33.500  INFO 13100 --- [restartedMain] o.a.catalina.core.AprLifecycleListener   : APR capabilities: IPv6 [true], sendfile [true], accept filters [false], random [true].
2019-08-25 13:06:33.500  INFO 13100 --- [restartedMain] o.a.catalina.core.AprLifecycleListener   : APR/OpenSSL configuration: useAprConnector [false], useOpenSSL [true]
2019-08-25 13:06:33.506  INFO 13100 --- [restartedMain] o.a.catalina.core.AprLifecycleListener   : OpenSSL successfully initialized [OpenSSL 1.1.1a  20 Nov 2018]
2019-08-25 13:06:33.630  INFO 13100 --- [restartedMain] o.a.c.c.C.[Tomcat].[localhost].[/]       : Initializing Spring embedded WebApplicationContext
2019-08-25 13:06:33.630  INFO 13100 --- [restartedMain] o.s.web.context.ContextLoader            : Root WebApplicationContext: initialization completed in 1954 ms
2019-08-25 13:06:34.576  INFO 13100 --- [restartedMain] o.s.s.concurrent.ThreadPoolTaskExecutor  : Initializing ExecutorService 'applicationTaskExecutor'
2019-08-25 13:06:34.739  INFO 13100 --- [restartedMain] o.s.b.a.w.s.WelcomePageHandlerMapping    : Adding welcome page template: index
2019-08-25 13:06:35.478  INFO 13100 --- [restartedMain] o.s.b.d.a.OptionalLiveReloadServer       : LiveReload server is running on port 35729
2019-08-25 13:06:35.534  INFO 13100 --- [restartedMain] o.s.b.w.embedded.tomcat.TomcatWebServer  : Tomcat started on port(s): 8888 (http) with context path ''
2019-08-25 13:06:35.539  INFO 13100 --- [restartedMain] l.m.community.CommunityApplication       : Started CommunityApplication in 4.467 seconds (JVM running for 6.109)
2019-08-25 13:06:43.823  INFO 13100 --- [http-nio-8888-exec-2] o.a.c.c.C.[Tomcat].[localhost].[/]       : Initializing Spring DispatcherServlet 'dispatcherServlet'
2019-08-25 13:06:43.823  INFO 13100 --- [http-nio-8888-exec-2] o.s.web.servlet.DispatcherServlet        : Initializing Servlet 'dispatcherServlet'
2019-08-25 13:06:43.829  INFO 13100 --- [http-nio-8888-exec-2] o.s.web.servlet.DispatcherServlet        : Completed initialization in 6 ms
2019-08-25 13:06:43.911  INFO 13100 --- [http-nio-8888-exec-2] com.zaxxer.hikari.HikariDataSource       : HikariPool-1 - Starting...
2019-08-25 13:06:44.096  INFO 13100 --- [http-nio-8888-exec-2] com.zaxxer.hikari.HikariDataSource       : HikariPool-1 - Start completed.
2019-08-25 13:06:44.103 DEBUG 13100 --- [http-nio-8888-exec-2] l.m.c.mapper.UserMapper.selectByExample  : ==>  Preparing: select ID, ACCOUNT_ID, NAME, TOKEN, GMT_CREATE, GMT_MODIFIED, BIO, AVATAR_URL from USER WHERE ( TOKEN = ? ) 
2019-08-25 13:06:44.128 DEBUG 13100 --- [http-nio-8888-exec-2] l.m.c.mapper.UserMapper.selectByExample  : ==> Parameters: 9ff9ffdb-53a8-4ebc-af46-c9374c469938(String)
2019-08-25 13:06:44.144 DEBUG 13100 --- [http-nio-8888-exec-2] l.m.c.mapper.UserMapper.selectByExample  : <==      Total: 1
2019-08-25 13:06:44.155 DEBUG 13100 --- [http-nio-8888-exec-2] l.m.c.m.N.countByExample                 : ==>  Preparing: select count(*) from NOTIFICATION WHERE ( RECEIVER = ? and STATUS = ? ) 
2019-08-25 13:06:44.157 DEBUG 13100 --- [http-nio-8888-exec-2] l.m.c.m.N.countByExample                 : ==> Parameters: 1(Long), 0(Integer)
2019-08-25 13:06:44.161 DEBUG 13100 --- [http-nio-8888-exec-2] l.m.c.m.N.countByExample                 : <==      Total: 1
2019-08-25 13:06:44.189 DEBUG 13100 --- [http-nio-8888-exec-2] l.m.c.m.QuestionExtMapper.countBySearch  : ==>  Preparing: SELECT COUNT(*) FROM QUESTION 
2019-08-25 13:06:44.190 DEBUG 13100 --- [http-nio-8888-exec-2] l.m.c.m.QuestionExtMapper.countBySearch  : ==> Parameters: 
2019-08-25 13:06:44.191 DEBUG 13100 --- [http-nio-8888-exec-2] l.m.c.m.QuestionExtMapper.countBySearch  : <==      Total: 1
2019-08-25 13:06:44.194 DEBUG 13100 --- [http-nio-8888-exec-2] l.m.c.m.Q.selectBySearch                 : ==>  Preparing: SELECT * FROM QUESTION ORDER BY gmt_create DESC LIMIT ?,? 
2019-08-25 13:06:44.198 DEBUG 13100 --- [http-nio-8888-exec-2] l.m.c.m.Q.selectBySearch                 : ==> Parameters: 0(Integer), 5(Integer)
2019-08-25 13:06:44.206 DEBUG 13100 --- [http-nio-8888-exec-2] l.m.c.m.Q.selectBySearch                 : <==      Total: 5
2019-08-25 13:06:44.207 DEBUG 13100 --- [http-nio-8888-exec-2] l.m.c.m.UserMapper.selectByPrimaryKey    : ==>  Preparing: select ID, ACCOUNT_ID, NAME, TOKEN, GMT_CREATE, GMT_MODIFIED, BIO, AVATAR_URL from USER where ID = ? 
2019-08-25 13:06:44.208 DEBUG 13100 --- [http-nio-8888-exec-2] l.m.c.m.UserMapper.selectByPrimaryKey    : ==> Parameters: 1(Long)
2019-08-25 13:06:44.209 DEBUG 13100 --- [http-nio-8888-exec-2] l.m.c.m.UserMapper.selectByPrimaryKey    : <==      Total: 1
2019-08-25 13:06:44.217 DEBUG 13100 --- [http-nio-8888-exec-2] l.m.c.m.UserMapper.selectByPrimaryKey    : ==>  Preparing: select ID, ACCOUNT_ID, NAME, TOKEN, GMT_CREATE, GMT_MODIFIED, BIO, AVATAR_URL from USER where ID = ? 
2019-08-25 13:06:44.218 DEBUG 13100 --- [http-nio-8888-exec-2] l.m.c.m.UserMapper.selectByPrimaryKey    : ==> Parameters: 1(Long)
2019-08-25 13:06:44.219 DEBUG 13100 --- [http-nio-8888-exec-2] l.m.c.m.UserMapper.selectByPrimaryKey    : <==      Total: 1
2019-08-25 13:06:44.220 DEBUG 13100 --- [http-nio-8888-exec-2] l.m.c.m.UserMapper.selectByPrimaryKey    : ==>  Preparing: select ID, ACCOUNT_ID, NAME, TOKEN, GMT_CREATE, GMT_MODIFIED, BIO, AVATAR_URL from USER where ID = ? 
2019-08-25 13:06:44.220 DEBUG 13100 --- [http-nio-8888-exec-2] l.m.c.m.UserMapper.selectByPrimaryKey    : ==> Parameters: 1(Long)
2019-08-25 13:06:44.221 DEBUG 13100 --- [http-nio-8888-exec-2] l.m.c.m.UserMapper.selectByPrimaryKey    : <==      Total: 1
2019-08-25 13:06:44.222 DEBUG 13100 --- [http-nio-8888-exec-2] l.m.c.m.UserMapper.selectByPrimaryKey    : ==>  Preparing: select ID, ACCOUNT_ID, NAME, TOKEN, GMT_CREATE, GMT_MODIFIED, BIO, AVATAR_URL from USER where ID = ? 
2019-08-25 13:06:44.222 DEBUG 13100 --- [http-nio-8888-exec-2] l.m.c.m.UserMapper.selectByPrimaryKey    : ==> Parameters: 1(Long)
2019-08-25 13:06:44.223 DEBUG 13100 --- [http-nio-8888-exec-2] l.m.c.m.UserMapper.selectByPrimaryKey    : <==      Total: 1
2019-08-25 13:06:44.224 DEBUG 13100 --- [http-nio-8888-exec-2] l.m.c.m.UserMapper.selectByPrimaryKey    : ==>  Preparing: select ID, ACCOUNT_ID, NAME, TOKEN, GMT_CREATE, GMT_MODIFIED, BIO, AVATAR_URL from USER where ID = ? 
2019-08-25 13:06:44.225 DEBUG 13100 --- [http-nio-8888-exec-2] l.m.c.m.UserMapper.selectByPrimaryKey    : ==> Parameters: 1(Long)
2019-08-25 13:06:44.226 DEBUG 13100 --- [http-nio-8888-exec-2] l.m.c.m.UserMapper.selectByPrimaryKey    : <==      Total: 1
2019-08-25 13:06:44.700 DEBUG 13100 --- [http-nio-8888-exec-3] l.m.c.mapper.UserMapper.selectByExample  : ==>  Preparing: select ID, ACCOUNT_ID, NAME, TOKEN, GMT_CREATE, GMT_MODIFIED, BIO, AVATAR_URL from USER WHERE ( TOKEN = ? ) 
2019-08-25 13:06:44.700 DEBUG 13100 --- [http-nio-8888-exec-5] l.m.c.mapper.UserMapper.selectByExample  : ==>  Preparing: select ID, ACCOUNT_ID, NAME, TOKEN, GMT_CREATE, GMT_MODIFIED, BIO, AVATAR_URL from USER WHERE ( TOKEN = ? ) 
2019-08-25 13:06:44.701 DEBUG 13100 --- [http-nio-8888-exec-1] l.m.c.mapper.UserMapper.selectByExample  : ==>  Preparing: select ID, ACCOUNT_ID, NAME, TOKEN, GMT_CREATE, GMT_MODIFIED, BIO, AVATAR_URL from USER WHERE ( TOKEN = ? ) 
2019-08-25 13:06:44.701 DEBUG 13100 --- [http-nio-8888-exec-6] l.m.c.mapper.UserMapper.selectByExample  : ==>  Preparing: select ID, ACCOUNT_ID, NAME, TOKEN, GMT_CREATE, GMT_MODIFIED, BIO, AVATAR_URL from USER WHERE ( TOKEN = ? ) 
2019-08-25 13:06:44.702 DEBUG 13100 --- [http-nio-8888-exec-3] l.m.c.mapper.UserMapper.selectByExample  : ==> Parameters: 9ff9ffdb-53a8-4ebc-af46-c9374c469938(String)
2019-08-25 13:06:44.702 DEBUG 13100 --- [http-nio-8888-exec-7] l.m.c.mapper.UserMapper.selectByExample  : ==>  Preparing: select ID, ACCOUNT_ID, NAME, TOKEN, GMT_CREATE, GMT_MODIFIED, BIO, AVATAR_URL from USER WHERE ( TOKEN = ? ) 
2019-08-25 13:06:44.702 DEBUG 13100 --- [http-nio-8888-exec-5] l.m.c.mapper.UserMapper.selectByExample  : ==> Parameters: 9ff9ffdb-53a8-4ebc-af46-c9374c469938(String)
2019-08-25 13:06:44.701 DEBUG 13100 --- [http-nio-8888-exec-4] l.m.c.mapper.UserMapper.selectByExample  : ==>  Preparing: select ID, ACCOUNT_ID, NAME, TOKEN, GMT_CREATE, GMT_MODIFIED, BIO, AVATAR_URL from USER WHERE ( TOKEN = ? ) 
2019-08-25 13:06:44.702 DEBUG 13100 --- [http-nio-8888-exec-1] l.m.c.mapper.UserMapper.selectByExample  : ==> Parameters: 9ff9ffdb-53a8-4ebc-af46-c9374c469938(String)
2019-08-25 13:06:44.703 DEBUG 13100 --- [http-nio-8888-exec-5] l.m.c.mapper.UserMapper.selectByExample  : <==      Total: 1
2019-08-25 13:06:44.703 DEBUG 13100 --- [http-nio-8888-exec-6] l.m.c.mapper.UserMapper.selectByExample  : ==> Parameters: 9ff9ffdb-53a8-4ebc-af46-c9374c469938(String)
2019-08-25 13:06:44.703 DEBUG 13100 --- [http-nio-8888-exec-3] l.m.c.mapper.UserMapper.selectByExample  : <==      Total: 1
2019-08-25 13:06:44.703 DEBUG 13100 --- [http-nio-8888-exec-1] l.m.c.mapper.UserMapper.selectByExample  : <==      Total: 1
2019-08-25 13:06:44.703 DEBUG 13100 --- [http-nio-8888-exec-6] l.m.c.mapper.UserMapper.selectByExample  : <==      Total: 1
2019-08-25 13:06:44.704 DEBUG 13100 --- [http-nio-8888-exec-7] l.m.c.mapper.UserMapper.selectByExample  : ==> Parameters: 9ff9ffdb-53a8-4ebc-af46-c9374c469938(String)
2019-08-25 13:06:44.704 DEBUG 13100 --- [http-nio-8888-exec-4] l.m.c.mapper.UserMapper.selectByExample  : ==> Parameters: 9ff9ffdb-53a8-4ebc-af46-c9374c469938(String)
2019-08-25 13:06:44.706 DEBUG 13100 --- [http-nio-8888-exec-4] l.m.c.mapper.UserMapper.selectByExample  : <==      Total: 1
2019-08-25 13:06:44.706 DEBUG 13100 --- [http-nio-8888-exec-5] l.m.c.m.N.countByExample                 : ==>  Preparing: select count(*) from NOTIFICATION WHERE ( RECEIVER = ? and STATUS = ? ) 
2019-08-25 13:06:44.706 DEBUG 13100 --- [http-nio-8888-exec-7] l.m.c.mapper.UserMapper.selectByExample  : <==      Total: 1
2019-08-25 13:06:44.706 DEBUG 13100 --- [http-nio-8888-exec-1] l.m.c.m.N.countByExample                 : ==>  Preparing: select count(*) from NOTIFICATION WHERE ( RECEIVER = ? and STATUS = ? ) 
2019-08-25 13:06:44.707 DEBUG 13100 --- [http-nio-8888-exec-1] l.m.c.m.N.countByExample                 : ==> Parameters: 1(Long), 0(Integer)
2019-08-25 13:06:44.707 DEBUG 13100 --- [http-nio-8888-exec-5] l.m.c.m.N.countByExample                 : ==> Parameters: 1(Long), 0(Integer)
2019-08-25 13:06:44.707 DEBUG 13100 --- [http-nio-8888-exec-7] l.m.c.m.N.countByExample                 : ==>  Preparing: select count(*) from NOTIFICATION WHERE ( RECEIVER = ? and STATUS = ? ) 
2019-08-25 13:06:44.708 DEBUG 13100 --- [http-nio-8888-exec-6] l.m.c.m.N.countByExample                 : ==>  Preparing: select count(*) from NOTIFICATION WHERE ( RECEIVER = ? and STATUS = ? ) 
2019-08-25 13:06:44.708 DEBUG 13100 --- [http-nio-8888-exec-7] l.m.c.m.N.countByExample                 : ==> Parameters: 1(Long), 0(Integer)
2019-08-25 13:06:44.708 DEBUG 13100 --- [http-nio-8888-exec-6] l.m.c.m.N.countByExample                 : ==> Parameters: 1(Long), 0(Integer)
2019-08-25 13:06:44.708 DEBUG 13100 --- [http-nio-8888-exec-1] l.m.c.m.N.countByExample                 : <==      Total: 1
2019-08-25 13:06:44.708 DEBUG 13100 --- [http-nio-8888-exec-3] l.m.c.m.N.countByExample                 : ==>  Preparing: select count(*) from NOTIFICATION WHERE ( RECEIVER = ? and STATUS = ? ) 
2019-08-25 13:06:44.709 DEBUG 13100 --- [http-nio-8888-exec-5] l.m.c.m.N.countByExample                 : <==      Total: 1
2019-08-25 13:06:44.709 DEBUG 13100 --- [http-nio-8888-exec-7] l.m.c.m.N.countByExample                 : <==      Total: 1
2019-08-25 13:06:44.709 DEBUG 13100 --- [http-nio-8888-exec-6] l.m.c.m.N.countByExample                 : <==      Total: 1
2019-08-25 13:06:44.709 DEBUG 13100 --- [http-nio-8888-exec-4] l.m.c.m.N.countByExample                 : ==>  Preparing: select count(*) from NOTIFICATION WHERE ( RECEIVER = ? and STATUS = ? ) 
2019-08-25 13:06:44.709 DEBUG 13100 --- [http-nio-8888-exec-3] l.m.c.m.N.countByExample                 : ==> Parameters: 1(Long), 0(Integer)
2019-08-25 13:06:44.710 DEBUG 13100 --- [http-nio-8888-exec-4] l.m.c.m.N.countByExample                 : ==> Parameters: 1(Long), 0(Integer)
2019-08-25 13:06:44.710 DEBUG 13100 --- [http-nio-8888-exec-3] l.m.c.m.N.countByExample                 : <==      Total: 1
2019-08-25 13:06:44.710 DEBUG 13100 --- [http-nio-8888-exec-4] l.m.c.m.N.countByExample                 : <==      Total: 1
2019-08-25 13:06:44.789 DEBUG 13100 --- [http-nio-8888-exec-8] l.m.c.mapper.UserMapper.selectByExample  : ==>  Preparing: select ID, ACCOUNT_ID, NAME, TOKEN, GMT_CREATE, GMT_MODIFIED, BIO, AVATAR_URL from USER WHERE ( TOKEN = ? ) 
2019-08-25 13:06:44.789 DEBUG 13100 --- [http-nio-8888-exec-8] l.m.c.mapper.UserMapper.selectByExample  : ==> Parameters: 9ff9ffdb-53a8-4ebc-af46-c9374c469938(String)
2019-08-25 13:06:44.790 DEBUG 13100 --- [http-nio-8888-exec-8] l.m.c.mapper.UserMapper.selectByExample  : <==      Total: 1
2019-08-25 13:06:44.792 DEBUG 13100 --- [http-nio-8888-exec-8] l.m.c.m.N.countByExample                 : ==>  Preparing: select count(*) from NOTIFICATION WHERE ( RECEIVER = ? and STATUS = ? ) 
2019-08-25 13:06:44.792 DEBUG 13100 --- [http-nio-8888-exec-8] l.m.c.m.N.countByExample                 : ==> Parameters: 1(Long), 0(Integer)
2019-08-25 13:06:44.793 DEBUG 13100 --- [http-nio-8888-exec-8] l.m.c.m.N.countByExample                 : <==      Total: 1
2019-08-25 13:06:44.816 DEBUG 13100 --- [http-nio-8888-exec-9] l.m.c.mapper.UserMapper.selectByExample  : ==>  Preparing: select ID, ACCOUNT_ID, NAME, TOKEN, GMT_CREATE, GMT_MODIFIED, BIO, AVATAR_URL from USER WHERE ( TOKEN = ? ) 
2019-08-25 13:06:44.817 DEBUG 13100 --- [http-nio-8888-exec-9] l.m.c.mapper.UserMapper.selectByExample  : ==> Parameters: 9ff9ffdb-53a8-4ebc-af46-c9374c469938(String)
2019-08-25 13:06:44.819 DEBUG 13100 --- [http-nio-8888-exec-9] l.m.c.mapper.UserMapper.selectByExample  : <==      Total: 1
2019-08-25 13:06:44.822 DEBUG 13100 --- [http-nio-8888-exec-9] l.m.c.m.N.countByExample                 : ==>  Preparing: select count(*) from NOTIFICATION WHERE ( RECEIVER = ? and STATUS = ? ) 
2019-08-25 13:06:44.823 DEBUG 13100 --- [http-nio-8888-exec-9] l.m.c.m.N.countByExample                 : ==> Parameters: 1(Long), 0(Integer)
2019-08-25 13:06:44.824 DEBUG 13100 --- [http-nio-8888-exec-9] l.m.c.m.N.countByExample                 : <==      Total: 1
